<?xml version="1.0" encoding="UTF-8"?>
<!-- Generated by org.testng.reporters.JUnitReportReporter -->
<testsuite hostname="DESKTOP-9UGMAGL" failures="0" tests="1" name="testCases.TC_002_LoginTest" time="1.813" errors="0" timestamp="2024-07-14T22:59:07 IST" skipped="0">
  <testcase classname="testCases.TC_002_LoginTest" name="verify_Login" time="1.813"/>
</testsuite> <!-- testCases.TC_002_LoginTest -->
